# JRE version: OpenJDK Runtime Environment (11.0.10) (build 11.0.10+0-b96-7249189)
# Java VM: OpenJDK 64-Bit Server VM (11.0.10+0-b96-7249189, mixed mode, tiered, compressed oops, g1 gc, windows-amd64)
Heap:
 garbage-first heap   total 194560K, used 66335K [0x0000000080000000, 0x0000000100000000)
  region size 1024K, 42 young (43008K), 9 survivors (9216K)
 Metaspace       used 48292K, capacity 49625K, committed 49664K, reserved 1091584K
  class space    used 6175K, capacity 6640K, committed 6656K, reserved 1048576K
GC Heap History (14 events):
Event: 1.430 GC heap before
{Heap before GC invocations=0 (full 0):
 garbage-first heap   total 194560K, used 29696K [0x0000000080000000, 0x0000000100000000)
  region size 1024K, 24 young (24576K), 0 survivors (0K)
 Metaspace       used 10169K, capacity 10421K, committed 10624K, reserved 1058816K
  class space    used 1063K, capacity 1139K, committed 1152K, reserved 1048576K
}
Event: 1.440 GC heap after
{Heap after GC invocations=1 (full 0):
 garbage-first heap   total 194560K, used 9215K [0x0000000080000000, 0x0000000100000000)
  region size 1024K, 3 young (3072K), 3 survivors (3072K)
 Metaspace       used 10169K, capacity 10421K, committed 10624K, reserved 1058816K
  class space    used 1063K, capacity 1139K, committed 1152K, reserved 1048576K
}
Event: 4.981 GC heap before
{Heap before GC invocations=1 (full 0):
 garbage-first heap   total 194560K, used 107519K [0x0000000080000000, 0x0000000100000000)
  region size 1024K, 100 young (102400K), 3 survivors (3072K)
 Metaspace       used 20542K, capacity 21088K, committed 21248K, reserved 1067008K
  class space    used 2505K, capacity 2690K, committed 2816K, reserved 1048576K
}
Event: 4.990 GC heap after
{Heap after GC invocations=2 (full 0):
 garbage-first heap   total 194560K, used 16339K [0x0000000080000000, 0x0000000100000000)
  region size 1024K, 10 young (10240K), 10 survivors (10240K)
 Metaspace       used 20542K, capacity 21088K, committed 21248K, reserved 1067008K
  class space    used 2505K, capacity 2690K, committed 2816K, reserved 1048576K
}
Event: 6.430 GC heap before
{Heap before GC invocations=3 (full 0):
 garbage-first heap   total 194560K, used 38867K [0x0000000080000000, 0x0000000100000000)
  region size 1024K, 32 young (32768K), 10 survivors (10240K)
 Metaspace       used 22253K, capacity 22819K, committed 23040K, reserved 1069056K
  class space    used 2831K, capacity 3036K, committed 3072K, reserved 1048576K
}
Event: 6.437 GC heap after
{Heap after GC invocations=4 (full 0):
 garbage-first heap   total 194560K, used 17680K [0x0000000080000000, 0x0000000100000000)
  region size 1024K, 1 young (1024K), 1 survivors (1024K)
 Metaspace       used 22253K, capacity 22819K, committed 23040K, reserved 1069056K
  class space    used 2831K, capacity 3036K, committed 3072K, reserved 1048576K
}
Event: 56.782 GC heap before
{Heap before GC invocations=4 (full 0):
 garbage-first heap   total 194560K, used 87312K [0x0000000080000000, 0x0000000100000000)
  region size 1024K, 69 young (70656K), 1 survivors (1024K)
 Metaspace       used 29325K, capacity 30062K, committed 30336K, reserved 1075200K
  class space    used 3922K, capacity 4173K, committed 4224K, reserved 1048576K
}
Event: 56.785 GC heap after
{Heap after GC invocations=5 (full 0):
 garbage-first heap   total 194560K, used 19703K [0x0000000080000000, 0x0000000100000000)
  region size 1024K, 3 young (3072K), 3 survivors (3072K)
 Metaspace       used 29325K, capacity 30062K, committed 30336K, reserved 1075200K
  class space    used 3922K, capacity 4173K, committed 4224K, reserved 1048576K
}
Event: 73.455 GC heap before
{Heap before GC invocations=5 (full 0):
 garbage-first heap   total 194560K, used 40183K [0x0000000080000000, 0x0000000100000000)
  region size 1024K, 24 young (24576K), 3 survivors (3072K)
 Metaspace       used 35029K, capacity 35831K, committed 35840K, reserved 1081344K
  class space    used 4543K, capacity 4864K, committed 4864K, reserved 1048576K
}
Event: 73.473 GC heap after
{Heap after GC invocations=6 (full 0):
 garbage-first heap   total 194560K, used 22780K [0x0000000080000000, 0x0000000100000000)
  region size 1024K, 6 young (6144K), 6 survivors (6144K)
 Metaspace       used 35029K, capacity 35831K, committed 35840K, reserved 1081344K
  class space    used 4543K, capacity 4864K, committed 4864K, reserved 1048576K
}
Event: 76.530 GC heap before
{Heap before GC invocations=7 (full 0):
 garbage-first heap   total 194560K, used 98556K [0x0000000080000000, 0x0000000100000000)
  region size 1024K, 78 young (79872K), 6 survivors (6144K)
 Metaspace       used 40576K, capacity 41480K, committed 41728K, reserved 1085440K
  class space    used 5221K, capacity 5563K, committed 5632K, reserved 1048576K
}
Event: 76.538 GC heap after
{Heap after GC invocations=8 (full 0):
 garbage-first heap   total 194560K, used 27600K [0x0000000080000000, 0x0000000100000000)
  region size 1024K, 8 young (8192K), 8 survivors (8192K)
 Metaspace       used 40576K, capacity 41480K, committed 41728K, reserved 1085440K
  class space    used 5221K, capacity 5563K, committed 5632K, reserved 1048576K
}
Event: 79.849 GC heap before
{Heap before GC invocations=8 (full 0):
 garbage-first heap   total 194560K, used 105424K [0x0000000080000000, 0x0000000100000000)
  region size 1024K, 84 young (86016K), 8 survivors (8192K)
 Metaspace       used 46778K, capacity 47916K, committed 48256K, reserved 1091584K
  class space    used 5989K, capacity 6428K, committed 6528K, reserved 1048576K
}
Event: 79.860 GC heap after
{Heap after GC invocations=9 (full 0):
 garbage-first heap   total 194560K, used 30495K [0x0000000080000000, 0x0000000100000000)
  region size 1024K, 9 young (9216K), 9 survivors (9216K)
 Metaspace       used 46778K, capacity 47916K, committed 48256K, reserved 1091584K
  class space    used 5989K, capacity 6428K, committed 6528K, reserved 1048576K
}

